2020-11-06 13:52:55,364 : INFO : iGEM_login : Successfully logged in as ballaneypranav.
2020-11-06 13:52:56,097 : INFO : iGEM_upload_file : Uploaded T--BITSPilani-Goa_India--Poster_img--Entrepreneurship--PieChart.png to https://2020.igem.org/wiki/images/0/05/T--BITSPilani-Goa_India--Poster_img--Entrepreneurship--PieChart.png.
2020-11-06 13:52:56,745 : INFO : iGEM_upload_file : Uploaded T--BITSPilani-Goa_India--Poster_img--Entrepreneurship--ProfitvsRecovery.png to https://2020.igem.org/wiki/images/c/c9/T--BITSPilani-Goa_India--Poster_img--Entrepreneurship--ProfitvsRecovery.png.
2020-11-06 13:52:57,364 : INFO : iGEM_upload_file : Uploaded T--BITSPilani-Goa_India--Poster_img--Implementation--PFD.png to https://2020.igem.org/wiki/images/6/60/T--BITSPilani-Goa_India--Poster_img--Implementation--PFD.png.
2020-11-06 13:52:57,971 : INFO : iGEM_upload_file : Uploaded T--BITSPilani-Goa_India--Poster_img--Education--iGEMPhrases.png to https://2020.igem.org/wiki/images/2/22/T--BITSPilani-Goa_India--Poster_img--Education--iGEMPhrases.png.
2020-11-06 13:52:58,693 : INFO : iGEM_upload_file : Uploaded T--BITSPilani-Goa_India--Poster_img--Education--HumansOfiGEM.png to https://2020.igem.org/wiki/images/b/ba/T--BITSPilani-Goa_India--Poster_img--Education--HumansOfiGEM.png.
2020-11-06 13:52:59,273 : INFO : iGEM_upload_file : Uploaded T--BITSPilani-Goa_India--Poster_img--Implementation--injection.jpg to https://2020.igem.org/wiki/images/7/7e/T--BITSPilani-Goa_India--Poster_img--Implementation--injection.jpg.
2020-11-06 13:52:59,930 : INFO : iGEM_upload_file : Uploaded T--BITSPilani-Goa_India--Poster_img--logo.jpg to https://2020.igem.org/wiki/images/d/df/T--BITSPilani-Goa_India--Poster_img--logo.jpg.
2020-11-06 13:53:00,540 : INFO : iGEM_upload_file : Uploaded T--BITSPilani-Goa_India--Poster_img--Education--InnerWheel.png to https://2020.igem.org/wiki/images/9/9a/T--BITSPilani-Goa_India--Poster_img--Education--InnerWheel.png.
2020-11-06 13:53:01,170 : INFO : iGEM_upload_file : Uploaded T--BITSPilani-Goa_India--Poster_img--Implementation--BFD.png to https://2020.igem.org/wiki/images/9/9b/T--BITSPilani-Goa_India--Poster_img--Implementation--BFD.png.
2020-11-06 13:53:01,757 : INFO : iGEM_upload_file : Uploaded T--BITSPilani-Goa_India--Poster_img--Title--SugarGain_logo.png to https://2020.igem.org/wiki/images/2/20/T--BITSPilani-Goa_India--Poster_img--Title--SugarGain_logo.png.
2020-11-06 13:53:02,397 : INFO : iGEM_upload_file : Uploaded T--BITSPilani-Goa_India--Poster_img--Entrepreneurship--ProfitvsArea.png to https://2020.igem.org/wiki/images/6/66/T--BITSPilani-Goa_India--Poster_img--Entrepreneurship--ProfitvsArea.png.
2020-11-06 13:53:03,034 : INFO : iGEM_upload_file : Uploaded T--BITSPilani-Goa_India--Poster_img--Education--Abhigyaan-1.png to https://2020.igem.org/wiki/images/9/9e/T--BITSPilani-Goa_India--Poster_img--Education--Abhigyaan-1.png.
2020-11-06 13:53:03,115 : INFO : iGEM_URL : ../assets/img/Title--SugarGain_logo.png was changed to https://2020.igem.org/wiki/images/2/20/T--BITSPilani-Goa_India--Poster_img--Title--SugarGain_logo.png in Poster/index.html.
2020-11-06 13:53:03,115 : INFO : iGEM_URL : ../assets/img/Implementation--injection.jpg was changed to https://2020.igem.org/wiki/images/7/7e/T--BITSPilani-Goa_India--Poster_img--Implementation--injection.jpg in Poster/index.html.
2020-11-06 13:53:03,115 : INFO : iGEM_URL : ../assets/img/Implementation--BFD.png was changed to https://2020.igem.org/wiki/images/9/9b/T--BITSPilani-Goa_India--Poster_img--Implementation--BFD.png in Poster/index.html.
2020-11-06 13:53:03,116 : INFO : iGEM_URL : ../assets/img/Implementation--PFD.png was changed to https://2020.igem.org/wiki/images/6/60/T--BITSPilani-Goa_India--Poster_img--Implementation--PFD.png in Poster/index.html.
2020-11-06 13:53:03,116 : INFO : iGEM_URL : ../assets/img/Entrepreneurship--PieChart.png was changed to https://2020.igem.org/wiki/images/0/05/T--BITSPilani-Goa_India--Poster_img--Entrepreneurship--PieChart.png in Poster/index.html.
2020-11-06 13:53:03,116 : INFO : iGEM_URL : ../assets/img/Entrepreneurship--ProfitvsRecovery.png was changed to https://2020.igem.org/wiki/images/c/c9/T--BITSPilani-Goa_India--Poster_img--Entrepreneurship--ProfitvsRecovery.png in Poster/index.html.
2020-11-06 13:53:03,116 : INFO : iGEM_URL : ../assets/img/Entrepreneurship--ProfitvsArea.png was changed to https://2020.igem.org/wiki/images/6/66/T--BITSPilani-Goa_India--Poster_img--Entrepreneurship--ProfitvsArea.png in Poster/index.html.
2020-11-06 13:53:03,116 : INFO : iGEM_URL : ../assets/img/Education--iGEMPhrases.png was changed to https://2020.igem.org/wiki/images/2/22/T--BITSPilani-Goa_India--Poster_img--Education--iGEMPhrases.png in Poster/index.html.
2020-11-06 13:53:03,117 : INFO : iGEM_URL : ../assets/img/Education--Abhigyaan-1.png was changed to https://2020.igem.org/wiki/images/9/9e/T--BITSPilani-Goa_India--Poster_img--Education--Abhigyaan-1.png in Poster/index.html.
2020-11-06 13:53:03,117 : INFO : iGEM_URL : ../assets/img/Education--InnerWheel.png was changed to https://2020.igem.org/wiki/images/9/9a/T--BITSPilani-Goa_India--Poster_img--Education--InnerWheel.png in Poster/index.html.
2020-11-06 13:53:03,117 : INFO : iGEM_URL : ../assets/img/Education--HumansOfiGEM.png was changed to https://2020.igem.org/wiki/images/b/ba/T--BITSPilani-Goa_India--Poster_img--Education--HumansOfiGEM.png in Poster/index.html.
2020-11-06 13:53:03,117 : INFO : iGEM_URL : ../assets/img/logo.jpg was changed to https://2020.igem.org/wiki/images/d/df/T--BITSPilani-Goa_India--Poster_img--logo.jpg in Poster/index.html.
2020-11-06 13:53:03,144 : INFO : iGEM_URL : ../assets/fonts/lato-v16-latin/lato-v16-latin-regular.eot was changed to https://2020.igem.org/wiki/images/5/59/T--BITSPilani-Goa_India--Poster_fonts--lato-v16-latin--lato-v16-latin-regular.eot in Poster/index.html.
2020-11-06 13:53:03,144 : INFO : iGEM_URL : ../assets/fonts/lato-v16-latin/lato-v16-latin-regular.woff was changed to https://2020.igem.org/wiki/images/c/ce/T--BITSPilani-Goa_India--Poster_fonts--lato-v16-latin--lato-v16-latin-regular.woff in Poster/index.html.
2020-11-06 13:53:03,144 : INFO : iGEM_URL : ../assets/fonts/lato-v16-latin/lato-v16-latin-regular.ttf was changed to https://2020.igem.org/wiki/images/0/00/T--BITSPilani-Goa_India--Poster_fonts--lato-v16-latin--lato-v16-latin-regular.ttf in Poster/index.html.
2020-11-06 13:53:03,145 : INFO : iGEM_URL : ../assets/fonts/lato-v16-latin/lato-v16-latin-regular.svg was changed to https://2020.igem.org/wiki/images/2/2e/T--BITSPilani-Goa_India--Poster_fonts--lato-v16-latin--lato-v16-latin-regular.svg in Poster/index.html.
2020-11-06 13:53:03,145 : INFO : iGEM_URL : ../assets/fonts/lato-v16-latin/lato-v16-latin-700.eot was changed to https://2020.igem.org/wiki/images/4/41/T--BITSPilani-Goa_India--Poster_fonts--lato-v16-latin--lato-v16-latin-700.eot in Poster/index.html.
2020-11-06 13:53:03,145 : INFO : iGEM_URL : ../assets/fonts/lato-v16-latin/lato-v16-latin-700.woff was changed to https://2020.igem.org/wiki/images/1/12/T--BITSPilani-Goa_India--Poster_fonts--lato-v16-latin--lato-v16-latin-700.woff in Poster/index.html.
2020-11-06 13:53:03,145 : INFO : iGEM_URL : ../assets/fonts/lato-v16-latin/lato-v16-latin-700.ttf was changed to https://2020.igem.org/wiki/images/5/52/T--BITSPilani-Goa_India--Poster_fonts--lato-v16-latin--lato-v16-latin-700.ttf in Poster/index.html.
2020-11-06 13:53:03,145 : INFO : iGEM_URL : ../assets/fonts/lato-v16-latin/lato-v16-latin-700.svg was changed to https://2020.igem.org/wiki/images/8/8d/T--BITSPilani-Goa_India--Poster_fonts--lato-v16-latin--lato-v16-latin-700.svg in Poster/index.html.
2020-11-06 13:53:03,812 : INFO : iGEM_upload_page : Uploaded to https://2020.igem.org/wiki/index.php?title=Team:BITSPilani-Goa_India/Poster&action=edit.
